[Fri Sep 18 22:26:14 2015] [ow_core_log] [Exception] Message: Unable to load template file 'C:\xampp\htdocs\oxwall.dev\ow_plugins\fashionshop\views\controllers\products_manager.html' File: C:\xampp\htdocs\oxwall.dev\ow_libraries\smarty3\sysplugins\smarty_internal_templatebase.php Line:127 Trace: [#0 C:\xampp\htdocs\oxwall.dev\ow_core\view_renderer.php(101): Smarty_Internal_TemplateBase->fetch('C:\\xampp\\htdocs...')
#1 C:\xampp\htdocs\oxwall.dev\ow_core\renderable.php(271): OW_ViewRenderer->renderTemplate('C:\\xampp\\htdocs...')
#2 C:\xampp\htdocs\oxwall.dev\ow_core\request_handler.php(274): OW_Renderable->render()
#3 C:\xampp\htdocs\oxwall.dev\ow_core\application.php(329): OW_RequestHandler->dispatch()
#4 C:\xampp\htdocs\oxwall.dev\index.php(73): OW_Application->handleRequest()
#5 {main}]
[Sat Sep 19 1:16:18 2015] [ow_core_log] [Exception] Message: Invalid plugin key - `fashionshop` provided! File: C:\xampp\htdocs\oxwall.dev\ow_system_plugins\base\bol\plugin_service.php Line:497 Trace: [#0 C:\xampp\htdocs\oxwall.dev\ow_system_plugins\admin\controllers\plugins.php(715): BOL_PluginService->install('fashionshop')
#1 [internal function]: ADMIN_CTRL_Plugins->install(Array)
#2 C:\xampp\htdocs\oxwall.dev\ow_core\request_handler.php(266): call_user_func_array(Array, Array)
#3 C:\xampp\htdocs\oxwall.dev\ow_core\application.php(329): OW_RequestHandler->dispatch()
#4 C:\xampp\htdocs\oxwall.dev\index.php(73): OW_Application->handleRequest()
#5 {main}]
[Sat Sep 19 2:02:15 2015] [ow_core_log] [Exception] Message: Unable to load template file 'C:\xampp\htdocs\oxwall.dev\ow_plugins\fashionshop\views\controllers\products_manager.html' File: C:\xampp\htdocs\oxwall.dev\ow_libraries\smarty3\sysplugins\smarty_internal_templatebase.php Line:127 Trace: [#0 C:\xampp\htdocs\oxwall.dev\ow_core\view_renderer.php(101): Smarty_Internal_TemplateBase->fetch('C:\\xampp\\htdocs...')
#1 C:\xampp\htdocs\oxwall.dev\ow_core\renderable.php(271): OW_ViewRenderer->renderTemplate('C:\\xampp\\htdocs...')
#2 C:\xampp\htdocs\oxwall.dev\ow_core\request_handler.php(274): OW_Renderable->render()
#3 C:\xampp\htdocs\oxwall.dev\ow_core\application.php(329): OW_RequestHandler->dispatch()
#4 C:\xampp\htdocs\oxwall.dev\index.php(73): OW_Application->handleRequest()
#5 {main}]
[Sat Sep 19 2:10:10 2015] [ow_core_log] [Exception] Message: There is no form with name `fashionshop_form` ! File: C:\xampp\htdocs\oxwall.dev\ow_smarty\plugin\block.form.php Line:45 Trace: [#0 C:\xampp\htdocs\oxwall.dev\ow_smarty\template_c\155cf03316548ad627ec4d7a2881bc7b72ba63f2.file.products_manager.html.php(95): smarty_block_form(Array, NULL, Object(Smarty_Internal_Template), true)
#1 C:\xampp\htdocs\oxwall.dev\ow_libraries\smarty3\sysplugins\smarty_internal_templatebase.php(180): content_55fd24b7b17487_65419382(Object(Smarty_Internal_Template))
#2 C:\xampp\htdocs\oxwall.dev\ow_core\view_renderer.php(101): Smarty_Internal_TemplateBase->fetch('C:\\xampp\\htdocs...')
#3 C:\xampp\htdocs\oxwall.dev\ow_core\renderable.php(271): OW_ViewRenderer->renderTemplate('C:\\xampp\\htdocs...')
#4 C:\xampp\htdocs\oxwall.dev\ow_core\request_handler.php(274): OW_Renderable->render()
#5 C:\xampp\htdocs\oxwall.dev\ow_core\application.php(329): OW_RequestHandler->dispatch()
#6 C:\xampp\htdocs\oxwall.dev\index.php(73): OW_Application->handleRequest()
#7 {main}]
[Sat Sep 19 2:10:42 2015] [ow_core_log] [Exception] Message: There is no form with name `fashionshop_form` ! File: C:\xampp\htdocs\oxwall.dev\ow_smarty\plugin\block.form.php Line:45 Trace: [#0 C:\xampp\htdocs\oxwall.dev\ow_smarty\template_c\155cf03316548ad627ec4d7a2881bc7b72ba63f2.file.products_manager.html.php(95): smarty_block_form(Array, NULL, Object(Smarty_Internal_Template), true)
#1 C:\xampp\htdocs\oxwall.dev\ow_libraries\smarty3\sysplugins\smarty_internal_templatebase.php(180): content_55fd24b7b17487_65419382(Object(Smarty_Internal_Template))
#2 C:\xampp\htdocs\oxwall.dev\ow_core\view_renderer.php(101): Smarty_Internal_TemplateBase->fetch('C:\\xampp\\htdocs...')
#3 C:\xampp\htdocs\oxwall.dev\ow_core\renderable.php(271): OW_ViewRenderer->renderTemplate('C:\\xampp\\htdocs...')
#4 C:\xampp\htdocs\oxwall.dev\ow_core\request_handler.php(274): OW_Renderable->render()
#5 C:\xampp\htdocs\oxwall.dev\ow_core\application.php(329): OW_RequestHandler->dispatch()
#6 C:\xampp\htdocs\oxwall.dev\index.php(73): OW_Application->handleRequest()
#7 {main}]
[Sat Sep 19 2:14:36 2015] [ow_core_log] [Exception] Message: There is no form with name `fashionshop_form` ! File: C:\xampp\htdocs\oxwall.dev\ow_smarty\plugin\block.form.php Line:45 Trace: [#0 C:\xampp\htdocs\oxwall.dev\ow_smarty\template_c\155cf03316548ad627ec4d7a2881bc7b72ba63f2.file.products_manager.html.php(95): smarty_block_form(Array, NULL, Object(Smarty_Internal_Template), true)
#1 C:\xampp\htdocs\oxwall.dev\ow_libraries\smarty3\sysplugins\smarty_internal_templatebase.php(180): content_55fd24b7b17487_65419382(Object(Smarty_Internal_Template))
#2 C:\xampp\htdocs\oxwall.dev\ow_core\view_renderer.php(101): Smarty_Internal_TemplateBase->fetch('C:\\xampp\\htdocs...')
#3 C:\xampp\htdocs\oxwall.dev\ow_core\renderable.php(271): OW_ViewRenderer->renderTemplate('C:\\xampp\\htdocs...')
#4 C:\xampp\htdocs\oxwall.dev\ow_core\request_handler.php(274): OW_Renderable->render()
#5 C:\xampp\htdocs\oxwall.dev\ow_core\application.php(329): OW_RequestHandler->dispatch()
#6 C:\xampp\htdocs\oxwall.dev\index.php(73): OW_Application->handleRequest()
#7 {main}]
